Log file open, 01/09/19 08:51:33
LogWindows: Failed to load 'aqProf.dll' (GetLastError=126)
LogWindows: File 'aqProf.dll' does not exist
LogWindows: Failed to load 'VtuneApi.dll' (GetLastError=126)
LogWindows: File 'VtuneApi.dll' does not exist
LogWindows: Failed to load 'VtuneApi32e.dll' (GetLastError=126)
LogWindows: File 'VtuneApi32e.dll' does not exist
LogInit: Display: Running engine for game: RJS_AssetPipeline
LogPlatformFile: Not using cached read wrapper
LogTaskGraph: Started task graph with 5 named threads and 23 total threads with 3 sets of task threads.
LogStats: Stats thread started at 0.280891
LogD3D11RHI: Loaded GFSDK_Aftermath_Lib.x64.dll
LogICUInternationalization: Display: ICU TimeZone Detection - Raw Offset: -7:00, Platform Override: ''
LogPluginManager: Mounting plugin Paper2D
LogPluginManager: Mounting plugin AISupport
LogPluginManager: Mounting plugin LightPropagationVolume
LogPluginManager: Mounting plugin CLionSourceCodeAccess
LogPluginManager: Mounting plugin CodeLiteSourceCodeAccess
LogPluginManager: Mounting plugin GitSourceControl
LogPluginManager: Mounting plugin KDevelopSourceCodeAccess
LogPluginManager: Mounting plugin NullSourceCodeAccess
LogPluginManager: Mounting plugin PerforceSourceControl
LogPluginManager: Mounting plugin SubversionSourceControl
LogPluginManager: Mounting plugin UObjectPlugin
LogPluginManager: Mounting plugin VisualStudioCodeSourceCodeAccess
LogPluginManager: Mounting plugin VisualStudioSourceCodeAccess
LogPluginManager: Mounting plugin XCodeSourceCodeAccess
LogPluginManager: Mounting plugin AssetManagerEditor
LogPluginManager: Mounting plugin CryptoKeys
LogPluginManager: Mounting plugin DataValidation
LogPluginManager: Mounting plugin FacialAnimation
LogPluginManager: Mounting plugin GameplayTagsEditor
LogPluginManager: Mounting plugin MacGraphicsSwitching
LogPluginManager: Mounting plugin MeshEditor
LogPluginManager: Mounting plugin MobileLauncherProfileWizard
LogPluginManager: Mounting plugin PluginBrowser
LogPluginManager: Mounting plugin SpeedTreeImporter
LogPluginManager: Mounting plugin DatasmithContent
LogPluginManager: Mounting plugin AlembicImporter
LogPluginManager: Mounting plugin AppleImageUtils
LogPluginManager: Mounting plugin AppleVision
LogPluginManager: Mounting plugin BackChannel
LogPluginManager: Mounting plugin CharacterAI
LogPluginManager: Mounting plugin GeometryCache
LogPluginManager: Mounting plugin HTML5Networking
LogPluginManager: Mounting plugin ProxyLODPlugin
LogPluginManager: Mounting plugin MagicLeap
LogPluginManager: Mounting plugin MagicLeapEmulator
LogPluginManager: Mounting plugin MagicLeapMedia
LogPluginManager: Mounting plugin AndroidMedia
LogPluginManager: Mounting plugin AvfMedia
LogPluginManager: Mounting plugin ImgMedia
LogPluginManager: Mounting plugin LinearTimecode
LogPluginManager: Mounting plugin MediaCompositing
LogPluginManager: Mounting plugin MediaPlayerEditor
LogPluginManager: Mounting plugin WmfMedia
LogPluginManager: Mounting plugin TcpMessaging
LogPluginManager: Mounting plugin UdpMessaging
LogPluginManager: Mounting plugin ActorSequence
LogPluginManager: Mounting plugin LevelSequenceEditor
LogPluginManager: Mounting plugin MatineeToLevelSequence
LogPluginManager: Mounting plugin NetcodeUnitTest
LogPluginManager: Mounting plugin NUTUnrealEngine4
LogPluginManager: Mounting plugin OnlineSubsystemGooglePlay
LogPluginManager: Mounting plugin OnlineSubsystemIOS
LogPluginManager: Mounting plugin OnlineSubsystem
LogPluginManager: Mounting plugin OnlineSubsystemNull
LogPluginManager: Mounting plugin OnlineSubsystemUtils
LogPluginManager: Mounting plugin LauncherChunkInstaller
LogPluginManager: Mounting plugin AndroidDeviceProfileSelector
LogPluginManager: Mounting plugin AndroidMoviePlayer
LogPluginManager: Mounting plugin AndroidPermission
LogPluginManager: Mounting plugin AppleMoviePlayer
LogPluginManager: Mounting plugin ArchVisCharacter
LogPluginManager: Mounting plugin AudioCapture
LogPluginManager: Mounting plugin CableComponent
LogPluginManager: Mounting plugin CustomMeshComponent
LogPluginManager: Mounting plugin EditableMesh
LogPluginManager: Mounting plugin ExampleDeviceProfileSelector
LogPluginManager: Mounting plugin GoogleCloudMessaging
LogPluginManager: Mounting plugin ImmediatePhysics
LogPluginManager: Mounting plugin IOSDeviceProfileSelector
LogPluginManager: Mounting plugin LinuxDeviceProfileSelector
LogPluginManager: Mounting plugin LocationServicesBPLibrary
LogPluginManager: Mounting plugin MobilePatchingUtils
LogPluginManager: Mounting plugin OculusVR
LogPluginManager: Plugin shader directory ../../../Engine/Plugins/Runtime/Oculus/OculusVR/Shaders found
LogPluginManager: Mapping shader source directory ../../../Engine/Plugins/Runtime/Oculus/OculusVR/Shaders to virtual directory /Plugin/OculusVR
LogPluginManager: Mounting plugin PhysXVehicles
LogPluginManager: Mounting plugin ProceduralMeshComponent
LogPluginManager: Mounting plugin RuntimePhysXCooking
LogPluginManager: Mounting plugin SteamVR
LogPluginManager: Mounting plugin WindowsMoviePlayer
LogStreaming: Display: Took  0.105s to configure plugins.
LogInit: Using libcurl 7.55.1-DEV
LogInit:  - built for x86_64-pc-win32
LogInit:  - supports SSL with OpenSSL/1.0.2h
LogInit:  - supports HTTP deflate (compression) using libz 1.2.8
LogInit:  - other features:
LogInit:      CURL_VERSION_SSL
LogInit:      CURL_VERSION_LIBZ
LogInit:      CURL_VERSION_IPV6
LogInit:      CURL_VERSION_ASYNCHDNS
LogInit:      CURL_VERSION_LARGEFILE
LogInit:      CURL_VERSION_IDN
LogInit:  CurlRequestOptions (configurable via config and command line):
LogInit:  - bVerifyPeer = false  - Libcurl will NOT verify peer certificate
LogInit:  - bUseHttpProxy = false  - Libcurl will NOT use HTTP proxy
LogInit:  - bDontReuseConnections = false  - Libcurl will reuse connections
LogInit:  - CertBundlePath = nullptr  - Libcurl will use whatever was configured at build time.
LogInit:  - MaxHostConnections = 16  - Libcurl will limit the number of connections to a host
LogInit:  - LocalHostAddr = Default
LogInit:  - BufferSize = 65536
LogInit: WinSock: version 1.1 (2.2), MaxSocks=32767, MaxUdp=65467
LogInit: Build: ++UE4+Release-4.20-CL-4369336
LogInit: Engine Version: 4.20.3-4369336+++UE4+Release-4.20
LogInit: Compatible Engine Version: 4.20.0-4212847+++UE4+Release-4.20
LogInit: Net CL: 4212847
LogInit: OS: Windows 10 (), CPU: Intel(R) Core(TM) i7-8809G CPU @ 3.10GHz, GPU: Radeon RX Vega M GH Graphics
LogInit: Compiled (64-bit): Sep 17 2018 12:26:19
LogInit: Compiled with Visual C++: 19.13.26129.00
LogInit: Build Configuration: Development
LogInit: Branch Name: ++UE4+Release-4.20
LogInit: Command Line: -EpicPortal  -epiclocale=en-US
LogInit: Base Directory: C:/Program Files/Epic Games/UE_4.20/Engine/Binaries/Win64/
LogInit: Installed Engine Build: 1
LogDevObjectVersion: Number of dev versions registered: 20
LogDevObjectVersion:   Dev-Blueprints (B0D832E4-1F89-4F0D-ACCF-7EB736FD4AA2): 10
LogDevObjectVersion:   Dev-Build (E1C64328-A22C-4D53-A36C-8E866417BD8C): 0
LogDevObjectVersion:   Dev-Core (375EC13C-06E4-48FB-B500-84F0262A717E): 2
LogDevObjectVersion:   Dev-Editor (E4B068ED-F494-42E9-A231-DA0B2E46BB41): 24
LogDevObjectVersion:   Dev-Framework (CFFC743F-43B0-4480-9391-14DF171D2073): 34
LogDevObjectVersion:   Dev-Mobile (B02B49B5-BB20-44E9-A304-32B752E40360): 2
LogDevObjectVersion:   Dev-Networking (A4E4105C-59A1-49B5-A7C5-40C4547EDFEE): 0
LogDevObjectVersion:   Dev-Online (39C831C9-5AE6-47DC-9A44-9C173E1C8E7C): 0
LogDevObjectVersion:   Dev-Physics (78F01B33-EBEA-4F98-B9B4-84EACCB95AA2): 0
LogDevObjectVersion:   Dev-Platform (6631380F-2D4D-43E0-8009-CF276956A95A): 0
LogDevObjectVersion:   Dev-Rendering (12F88B9F-8875-4AFC-A67C-D90C383ABD29): 26
LogDevObjectVersion:   Dev-Sequencer (7B5AE74C-D270-4C10-A958-57980B212A5A): 9
LogDevObjectVersion:   Dev-VR (D7296918-1DD6-4BDD-9DE2-64A83CC13884): 2
LogDevObjectVersion:   Dev-LoadTimes (C2A15278-BFE7-4AFE-6C17-90FF531DF755): 1
LogDevObjectVersion:   Private-Geometry (6EACA3D4-40EC-4CC1-B786-8BED09428FC5): 3
LogDevObjectVersion:   Dev-AnimPhys (29E575DD-E0A3-4627-9D10-D276232CDCEA): 17
LogDevObjectVersion:   Dev-ReflectionCapture (6B266CEC-1EC7-4B8F-A30B-E4D90942FC07): 1
LogDevObjectVersion:   Dev-Automation (0DF73D61-A23F-47EA-B727-89E90C41499A): 1
LogDevObjectVersion:   FortniteMain (601D1886-AC64-4F84-AA16-D3DE0DEAC7D6): 12
LogDevObjectVersion:   Dev-Enterprise (9DFFBCD6-494F-0158-E221-12823C92A888): 1
LogStreaming: Display: Took  0.000s to delete old logs.
LogInit: Presizing for max 8388607 objects, including 0 objects not considered by GC, pre-allocating 0 bytes for permanent pool.
LogInit: Object subsystem initialized
[2019.01.09-15.51.33:597][  0]LogInit: Selected Device Profile: [Windows]
[2019.01.09-15.51.33:597][  0]LogInit: Applying CVar settings loaded from the selected device profile: [Windows]
[2019.01.09-15.51.33:608][  0]LogHAL: Display: Platform has ~ 16 GB [17095385088 / 17179869184 / 16], which maps to Larger [LargestMinGB=32, LargerMinGB=12, DefaultMinGB=8, SmallerMinGB=6, SmallestMinGB=0)
[2019.01.09-15.51.33:608][  0]LogInit: Setting Device Profile CVar: [[r.Vulkan.UseRealUBs:1]]
[2019.01.09-15.51.33:608][  0]LogInit: Going up to parent DeviceProfile []
[2019.01.09-15.51.33:608][  0]LogInit: Computer: eae-n-024
[2019.01.09-15.51.33:609][  0]LogInit: User: u1001862
[2019.01.09-15.51.33:609][  0]LogInit: CPU Page size=4096, Cores=4
[2019.01.09-15.51.33:609][  0]LogInit: High frequency timer resolution =3.023440 MHz
[2019.01.09-15.51.33:609][  0]LogMemory: Memory total: Physical=15.9GB (16GB approx)
[2019.01.09-15.51.33:609][  0]LogMemory: Platform Memory Stats for Windows
[2019.01.09-15.51.33:609][  0]LogMemory: Process Physical Memory: 100.78 MB used, 100.78 MB peak
[2019.01.09-15.51.33:609][  0]LogMemory: Process Virtual Memory: 89.39 MB used, 89.39 MB peak
[2019.01.09-15.51.33:609][  0]LogMemory: Physical Memory: 7719.71 MB used,  8583.71 MB free, 16303.43 MB total
[2019.01.09-15.51.33:609][  0]LogMemory: Virtual Memory: 4639.15 MB used,  8583.71 MB free, 134217728.00 MB total
[2019.01.09-15.51.33:623][  0]LogInit: Using OS detected language (en-US).
[2019.01.09-15.51.33:623][  0]LogInit: Using OS detected locale (en-US).
[2019.01.09-15.51.33:624][  0]LogTextLocalizationManager: No specific localization for 'en-US' exists, so the 'en' localization will be used.
[2019.01.09-15.51.33:958][  0]LogStreaming: Display: Took  0.335s to InitEngineTextLocalization.
[2019.01.09-15.51.33:958][  0]LogInit: Setting process to per monitor DPI aware
[2019.01.09-15.51.34:001][  0]LogSlate: New Slate User Created.  User Index 0, Is Virtual User: 0
[2019.01.09-15.51.34:001][  0]LogSlate: Slate User Registered.  User Index 0, Is Virtual User: 0
[2019.01.09-15.51.34:185][  0]LogHMD: Failed to initialize OpenVR with code 110
[2019.01.09-15.51.34:185][  0]LogD3D11RHI: D3D11 adapters:
[2019.01.09-15.51.34:216][  0]LogD3D11RHI:    0. 'Radeon RX Vega M GH Graphics' (Feature Level 11_0)
[2019.01.09-15.51.34:216][  0]LogD3D11RHI:       4042/0/8151 MB DedicatedVideo/DedicatedSystem/SharedSystem, Outputs:2, VendorId:0x1002
[2019.01.09-15.51.34:227][  0]LogD3D11RHI:    1. 'Intel(R) HD Graphics 630' (Feature Level 11_0)
[2019.01.09-15.51.34:227][  0]LogD3D11RHI:       128/0/8151 MB DedicatedVideo/DedicatedSystem/SharedSystem, Outputs:0, VendorId:0x8086
[2019.01.09-15.51.34:230][  0]LogD3D11RHI:    2. 'Microsoft Basic Render Driver' (Feature Level 11_0)
[2019.01.09-15.51.34:230][  0]LogD3D11RHI:       0/0/8151 MB DedicatedVideo/DedicatedSystem/SharedSystem, Outputs:0, VendorId:0x1414
[2019.01.09-15.51.34:230][  0]LogD3D11RHI: Chosen D3D11 Adapter: 0
[2019.01.09-15.51.34:237][  0]LogD3D11RHI: Creating new Direct3DDevice
[2019.01.09-15.51.34:237][  0]LogD3D11RHI:     GPU DeviceId: 0x694c (for the marketing name, search the web for "GPU Device Id")
[2019.01.09-15.51.34:237][  0]LogWindows: EnumDisplayDevices:
[2019.01.09-15.51.34:237][  0]LogWindows:    0. 'Radeon RX Vega M GH Graphics' (P:1 D:1)
[2019.01.09-15.51.34:237][  0]LogWindows:    1. 'Radeon RX Vega M GH Graphics' (P:0 D:1)
[2019.01.09-15.51.34:237][  0]LogWindows:    2. 'Radeon RX Vega M GH Graphics' (P:0 D:0)
[2019.01.09-15.51.34:237][  0]LogWindows:    3. 'Radeon RX Vega M GH Graphics' (P:0 D:0)
[2019.01.09-15.51.34:238][  0]LogWindows:    4. 'Radeon RX Vega M GH Graphics' (P:0 D:0)
[2019.01.09-15.51.34:238][  0]LogWindows:    5. 'Radeon RX Vega M GH Graphics' (P:0 D:0)
[2019.01.09-15.51.34:238][  0]LogWindows:    6. 'Radeon RX Vega M GH Graphics' (P:0 D:0)
[2019.01.09-15.51.34:238][  0]LogWindows:    7. 'Intel(R) HD Graphics 630' (P:0 D:0)
[2019.01.09-15.51.34:239][  0]LogWindows:    8. 'Intel(R) HD Graphics 630' (P:0 D:0)
[2019.01.09-15.51.34:239][  0]LogWindows: DebugString: PrimaryIsNotTheChoosenAdapter PrimaryIsNotTheChoosenAdapter FoundDriverCount:7 
[2019.01.09-15.51.34:239][  0]LogD3D11RHI:     Adapter Name: Radeon RX Vega M GH Graphics
[2019.01.09-15.51.34:239][  0]LogD3D11RHI:   Driver Version: Adrenalin 18.9.1 (internal:24.20.11026.2001, unified:24.20.11026.2001)
[2019.01.09-15.51.34:239][  0]LogD3D11RHI:      Driver Date: 8-30-2018
[2019.01.09-15.51.34:239][  0]LogRHI: Texture pool is 2829 MB (70% of 4042 MB)
[2019.01.09-15.51.34:313][  0]LogD3D11RHI: Async texture creation enabled
[2019.01.09-15.51.34:324][  0]LogD3D11RHI: GPU Timing Frequency: 25.000000 (Debug: 2 1)
[2019.01.09-15.51.34:326][  0]LogShaderCompilers: Guid format shader working directory is -37 characters bigger than the processId version (../../../../../../Users/u1001862/Documents/GitHub/RJS_AssetPipeline/RJS_AssetPipeline/Intermediate/Shaders/WorkingDirectory/10020/).
[2019.01.09-15.51.34:326][  0]LogShaderCompilers: Cleaned the shader compiler working directory 'C:/Users/u1001862/AppData/Local/Temp/UnrealShaderWorkingDir/373F31804D3AB36D69C97494A54EFA9D/'.
[2019.01.09-15.51.34:586][  0]LogTemp: Display: Loaded TP AllDesktopTargetPlatform
[2019.01.09-15.51.34:597][  0]LogTemp: Display: Loaded TP MacClientTargetPlatform
[2019.01.09-15.51.34:608][  0]LogTemp: Display: Loaded TP MacNoEditorTargetPlatform
[2019.01.09-15.51.34:621][  0]LogTemp: Display: Loaded TP MacServerTargetPlatform
[2019.01.09-15.51.34:633][  0]LogTemp: Display: Loaded TP MacTargetPlatform
[2019.01.09-15.51.34:646][  0]LogTemp: Display: Loaded TP WindowsClientTargetPlatform
[2019.01.09-15.51.34:658][  0]LogTemp: Display: Loaded TP WindowsNoEditorTargetPlatform
[2019.01.09-15.51.34:671][  0]LogTemp: Display: Loaded TP WindowsServerTargetPlatform
[2019.01.09-15.51.34:677][  0]LogTemp: Display: Loaded TP WindowsTargetPlatform
[2019.01.09-15.51.34:760][  0]LogTemp: Display: Loaded TP AndroidTargetPlatform
[2019.01.09-15.51.34:760][  0]LogTemp: Display: Loaded TP AndroidTargetPlatform
[2019.01.09-15.51.34:760][  0]LogTemp: Display: Loaded TP AndroidTargetPlatform
[2019.01.09-15.51.34:760][  0]LogTemp: Display: Loaded TP AndroidTargetPlatform
[2019.01.09-15.51.34:760][  0]LogTemp: Display: Loaded TP AndroidTargetPlatform
[2019.01.09-15.51.34:760][  0]LogTemp: Display: Loaded TP AndroidTargetPlatform
[2019.01.09-15.51.34:760][  0]LogTemp: Display: Loaded TP AndroidTargetPlatform
[2019.01.09-15.51.34:760][  0]LogTemp: Display: Loaded TP AndroidTargetPlatform
[2019.01.09-15.51.34:760][  0]LogTemp: Display: Loaded TP AndroidTargetPlatform
[2019.01.09-15.51.34:760][  0]LogTemp: Display: Loaded TP AndroidTargetPlatform
[2019.01.09-15.51.34:760][  0]LogTemp: Display: Loaded TP AndroidTargetPlatform
[2019.01.09-15.51.34:760][  0]LogTemp: Display: Loaded TP AndroidTargetPlatform
[2019.01.09-15.51.34:760][  0]LogTemp: Display: Loaded TP AndroidTargetPlatform
[2019.01.09-15.51.34:760][  0]LogTemp: Display: Loaded TP AndroidTargetPlatform
[2019.01.09-15.51.34:760][  0]LogTemp: Display: Loaded TP AndroidTargetPlatform
[2019.01.09-15.51.34:760][  0]LogTemp: Display: Loaded TP AndroidTargetPlatform
[2019.01.09-15.51.34:760][  0]LogTemp: Display: Loaded TP AndroidTargetPlatform
[2019.01.09-15.51.34:760][  0]LogTemp: Display: Loaded TP AndroidTargetPlatform
[2019.01.09-15.51.34:761][  0]LogTemp: Display: Loaded TP HTML5TargetPlatform
[2019.01.09-15.51.34:818][  0]LogTemp: Display: Loaded TP IOSTargetPlatform
[2019.01.09-15.51.34:818][  0]LogTemp: Display: Loaded TP IOSTargetPlatform
[2019.01.09-15.51.34:837][  0]LogTemp: Display: Loaded TP TVOSTargetPlatform
[2019.01.09-15.51.34:837][  0]LogTemp: Display: Loaded TP TVOSTargetPlatform
[2019.01.09-15.51.34:847][  0]LogTemp: Display: Loaded TP LinuxClientTargetPlatform
[2019.01.09-15.51.34:858][  0]LogTemp: Display: Loaded TP LinuxNoEditorTargetPlatform
[2019.01.09-15.51.34:868][  0]LogTemp: Display: Loaded TP LinuxServerTargetPlatform
[2019.01.09-15.51.34:879][  0]LogTemp: Display: Loaded TP LinuxTargetPlatform
[2019.01.09-15.51.34:887][  0]LogTemp: Display: Loaded TP LuminTargetPlatform
[2019.01.09-15.51.34:887][  0]LogTargetPlatformManager: Display: Building Assets For Windows
[2019.01.09-15.51.34:942][  0]LogXGEController: Cannot use XGE Controller as Incredibuild is not installed on this machine.
[2019.01.09-15.51.34:942][  0]LogShaderCompilers: Cannot use XGE Shader Compiler as Incredibuild is not installed on this machine.
[2019.01.09-15.51.34:942][  0]LogShaderCompilers: Display: Using Local Shader Compiler.
[2019.01.09-15.51.35:560][  0]LogDerivedDataCache: Display: Max Cache Size: 512 MB
[2019.01.09-15.51.35:627][  0]LogDerivedDataCache: Loaded boot cache 0.07s 87MB C:/Users/u1001862/AppData/Local/UnrealEngine/4.20/DerivedDataCache/Boot.ddc.
[2019.01.09-15.51.35:628][  0]LogDerivedDataCache: Display: Loaded Boot cache: C:/Users/u1001862/AppData/Local/UnrealEngine/4.20/DerivedDataCache/Boot.ddc
[2019.01.09-15.51.35:628][  0]LogDerivedDataCache: FDerivedDataBackendGraph:  Pak pak cache file ../../../../../../Users/u1001862/Documents/GitHub/RJS_AssetPipeline/RJS_AssetPipeline/DerivedDataCache/DDC.ddp not found, will not use a pak cache.
[2019.01.09-15.51.35:628][  0]LogDerivedDataCache: Unable to find inner node Pak for hierarchical cache Hierarchy.
[2019.01.09-15.51.35:628][  0]LogDerivedDataCache: FDerivedDataBackendGraph:  CompressedPak pak cache file ../../../../../../Users/u1001862/Documents/GitHub/RJS_AssetPipeline/RJS_AssetPipeline/DerivedDataCache/Compressed.ddp not found, will not use a pak cache.
[2019.01.09-15.51.35:628][  0]LogDerivedDataCache: Unable to find inner node CompressedPak for hierarchical cache Hierarchy.
[2019.01.09-15.51.35:639][  0]LogDerivedDataCache: Display: Pak cache opened for reading ../../../Engine/DerivedDataCache/Compressed.ddp.
[2019.01.09-15.51.35:651][  0]LogDerivedDataCache: Using Local data cache path C:/Users/u1001862/AppData/Local/UnrealEngine/Common/DerivedDataCache: Writable
[2019.01.09-15.51.35:651][  0]LogDerivedDataCache: Shared data cache path not found in *engine.ini, will not use an Shared cache.
[2019.01.09-15.51.35:651][  0]LogDerivedDataCache: Unable to find inner node Shared for hierarchical cache Hierarchy.
[2019.01.09-15.51.35:666][  0]LogMaterial: Verifying Global Shaders for PCD3D_SM5
[2019.01.09-15.51.35:667][  0]LogSlate: Using FreeType 2.6.0
[2019.01.09-15.51.35:667][  0]LogSlate: SlateFontServices - WITH_FREETYPE: 1, WITH_HARFBUZZ: 1
[2019.01.09-15.51.35:733][  0]LogAssetRegistry: FAssetRegistry took 0.0256 seconds to start up
[2019.01.09-15.51.36:023][  0]LogInit: Selected Device Profile: [Windows]
[2019.01.09-15.51.36:141][  0]LogSimplygon: Simplygon DLL not present - disabling.
[2019.01.09-15.51.36:145][  0]LogMeshReduction: Using SimplygonSwarm for distributed automatic mesh merging
[2019.01.09-15.51.36:145][  0]LogMeshReduction: Using ProxyLODMeshReduction for automatic mesh merging
[2019.01.09-15.51.36:145][  0]LogMeshReduction: Using QuadricMeshReduction for automatic static mesh reduction
[2019.01.09-15.51.36:145][  0]LogMeshReduction: No automatic skeletal mesh reduction module available
[2019.01.09-15.51.36:162][  0]LogNetVersion: RJS_AssetPipeline 1.0.0, NetCL: 4212847, EngineNetVer: 5, GameNetVer: 0 (Checksum: 3378625222)
[2019.01.09-15.51.36:619][  0]LogPackageLocalizationCache: Processed 11 localized package path(s) for 2 prioritized culture(s) in 0.085016 seconds
[2019.01.09-15.51.36:625][  0]LogUObjectArray: 38425 objects as part of root set at end of initial load.
[2019.01.09-15.51.36:625][  0]LogUObjectAllocator: 6690864 out of 0 bytes used by permanent object pool.
[2019.01.09-15.51.36:625][  0]LogUObjectArray: CloseDisregardForGC: 0/0 objects in disregard for GC pool
[2019.01.09-15.51.37:420][  0]LogTcpMessaging: Initializing TcpMessaging bridge
[2019.01.09-15.51.37:441][  0]LogUdpMessaging: Initializing bridge on interface 0.0.0.0:0 to multicast group 230.0.0.1:6666.
[2019.01.09-15.51.37:571][  0]SourceControl: Source control is disabled
[2019.01.09-15.51.37:571][  0]SourceControl: Source control is disabled
[2019.01.09-15.51.37:572][  0]SourceControl: Source control is disabled
[2019.01.09-15.51.37:573][  0]SourceControl: Source control is disabled
[2019.01.09-15.51.37:728][  0]LogAndroidPermission: UAndroidPermissionCallbackProxy::GetInstance
[2019.01.09-15.51.37:815][  0]LogOcInput: OculusInput pre-init called
[2019.01.09-15.51.37:870][  0]LogEngine: Initializing Engine...
[2019.01.09-15.51.37:871][  0]LogHMD: Failed to initialize OpenVR with code 110
[2019.01.09-15.51.37:872][  0]LogStats: UGameplayTagsManager::ConstructGameplayTagTree: ImportINI prefixes -  0.000 s
[2019.01.09-15.51.37:872][  0]LogStats: UGameplayTagsManager::ConstructGameplayTagTree: Construct from data asset -  0.000 s
[2019.01.09-15.51.37:872][  0]LogStats: UGameplayTagsManager::ConstructGameplayTagTree: ImportINI -  0.000 s
[2019.01.09-15.51.37:872][  0]LogStats: UGameplayTagsManager::ConstructGameplayTagTree: GameplayTagTreeChangedEvent.Broadcast -  0.000 s
[2019.01.09-15.51.38:054][  0]LogInit: Initializing FReadOnlyCVARCache
[2019.01.09-15.51.38:069][  0]LogAIModule: Creating AISystem for world Untitled
[2019.01.09-15.51.38:100][  0]LogInit: XAudio2 using '4 - CintiqPro24P (AMD High Definition Audio Device)' : 2 channels at 48 kHz using 16 bits per sample (channel mask 0x3)
[2019.01.09-15.51.38:124][  0]LogInit: FAudioDevice initialized.
[2019.01.09-15.51.38:124][  0]LogNetVersion: Set ProjectVersion to 1.0.0.0. Version Checksum will be recalculated on next use.
[2019.01.09-15.51.38:210][  0]LogDerivedDataCache: Saved boot cache 0.09s 87MB C:/Users/u1001862/AppData/Local/UnrealEngine/4.20/DerivedDataCache/Boot.ddc.
[2019.01.09-15.51.38:229][  0]LogInit: Texture streaming: Enabled
[2019.01.09-15.51.38:252][  0]LogEngineSessionManager: EngineSessionManager initialized
[2019.01.09-15.51.38:269][  0]LogInit: Transaction tracking system initialized
[2019.01.09-15.51.38:294][  0]BlueprintLog: New page: Editor Load
[2019.01.09-15.51.38:411][  0]LocalizationService: Localization service is disabled
[2019.01.09-15.51.38:649][  0]LogFileCache: Scanning file cache for directory 'C:/Users/u1001862/Documents/GitHub/RJS_AssetPipeline/RJS_AssetPipeline/Content/' took 0.01s
[2019.01.09-15.51.38:649][  0]LogCook: Display: Max memory allowance for cook 16384mb min free memory 0mb
[2019.01.09-15.51.38:649][  0]LogCook: Display: Mobile HDR setting 1
[2019.01.09-15.51.38:649][  0]LogGameplayTags: Display: UGameplayTagsManager::DoneAddingNativeTags. DelegateIsBound: 0
[2019.01.09-15.51.38:649][  0]LogStats: UGameplayTagsManager::ConstructGameplayTagTree: ImportINI prefixes -  0.000 s
[2019.01.09-15.51.38:649][  0]LogStats: UGameplayTagsManager::ConstructGameplayTagTree: Construct from data asset -  0.000 s
[2019.01.09-15.51.38:649][  0]LogStats: UGameplayTagsManager::ConstructGameplayTagTree: ImportINI -  0.000 s
[2019.01.09-15.51.38:649][  0]LogStats: UGameplayTagsManager::ConstructGameplayTagTree: GameplayTagTreeChangedEvent.Broadcast -  0.000 s
[2019.01.09-15.51.38:779][  0]SourceControl: Source control is disabled
[2019.01.09-15.51.38:779][  0]Cmd: MAP LOAD FILE="../../../Engine/Content/Maps/Templates/Template_Default.umap" TEMPLATE=1 SHOWPROGRESS=1 FEATURELEVEL=3
[2019.01.09-15.51.38:780][  0]LightingResults: New page: Lighting Build
[2019.01.09-15.51.38:782][  0]MapCheck: New page: Map Check
[2019.01.09-15.51.38:782][  0]LightingResults: New page: Lighting Build
[2019.01.09-15.51.38:956][  0]LogAIModule: Creating AISystem for world Untitled_1
[2019.01.09-15.51.38:963][  0]LogEditorServer: Finished looking for orphan Actors (0.000 secs)
[2019.01.09-15.51.38:982][  0]Cmd: MAP CHECKDEP NOCLEARLOG
[2019.01.09-15.51.39:040][  0]MapCheck: Map check complete: 0 Error(s), 0 Warning(s), took 57.795ms to complete.
[2019.01.09-15.51.39:040][  0]LogFileHelpers: Loading map 'Template_Default' took 0.261
[2019.01.09-15.51.39:380][  0]LogSlate: Updating window title bar state: overlay mode, drag disabled, window buttons hidden, title bar hidden
[2019.01.09-15.51.39:387][  0]LogSlate: Updating window title bar state: overlay mode, drag disabled, window buttons hidden, title bar hidden
[2019.01.09-15.51.39:393][  0]LogSlate: Updating window title bar state: overlay mode, drag disabled, window buttons hidden, title bar hidden
[2019.01.09-15.51.39:399][  0]LogSlate: Updating window title bar state: overlay mode, drag disabled, window buttons hidden, title bar hidden
[2019.01.09-15.51.39:414][  0]LogCollectionManager: Loaded 0 collections in 0.001669 seconds
[2019.01.09-15.51.39:481][  0]LogFileCache: Scanning file cache for directory 'C:/Users/u1001862/Documents/GitHub/RJS_AssetPipeline/RJS_AssetPipeline/Saved/Collections/' took 0.01s
[2019.01.09-15.51.39:481][  0]LogFileCache: Scanning file cache for directory 'C:/Users/u1001862/Documents/GitHub/RJS_AssetPipeline/RJS_AssetPipeline/Content/Developers/u1001862/Collections/' took 0.01s
[2019.01.09-15.51.39:481][  0]LogFileCache: Scanning file cache for directory 'C:/Users/u1001862/Documents/GitHub/RJS_AssetPipeline/RJS_AssetPipeline/Content/Collections/' took 0.01s
[2019.01.09-15.51.39:481][  0]LogCollectionManager: Rebuilt the GUID cache for 0 collections in 0.000000 seconds
[2019.01.09-15.51.39:493][  0]LogContentBrowser: Native class hierarchy populated in 0.0101 seconds. Added 2572 classes and 603 folders.
[2019.01.09-15.51.39:507][  0]LogContentBrowser: Native class hierarchy updated for 'WidgetCarousel' in 0.0002 seconds. Added 0 classes and 0 folders.
[2019.01.09-15.51.39:913][  0]LogContentBrowser: Native class hierarchy updated for 'AddContentDialog' in 0.0002 seconds. Added 0 classes and 0 folders.
[2019.01.09-15.51.39:929][  0]LogContentBrowser: Native class hierarchy updated for 'SceneOutliner' in 0.0002 seconds. Added 1 classes and 2 folders.
[2019.01.09-15.51.39:987][  0]LogSlate: Took 0.000195 seconds to synchronously load lazily loaded font '../../../Engine/Content/Slate/Fonts/Roboto-Regular.ttf' (155K)
[2019.01.09-15.51.39:989][  0]LogSlate: Took 0.000191 seconds to synchronously load lazily loaded font '../../../Engine/Content/Slate/Fonts/Roboto-Bold.ttf' (160K)
[2019.01.09-15.51.40:003][  0]LogSlate: Took 0.007207 seconds to synchronously load lazily loaded font '../../../Engine/Content/Editor/Slate/Fonts/FontAwesome.ttf' (139K)
[2019.01.09-15.51.40:114][  0]LogRenderer: Reallocating scene render targets to support 1208x576 Format 10 NumSamples 1 (Frame:1).
[2019.01.09-15.51.40:354][  0]LogSlate: FSceneViewport::OnFocusLost() reason 2
[2019.01.09-15.51.40:368][  0]LogSlate: Window 'Tutorials' being destroyed
[2019.01.09-15.51.40:399][  0]LogContentBrowser: Native class hierarchy updated for 'HierarchicalLODOutliner' in 0.0002 seconds. Added 0 classes and 0 folders.
[2019.01.09-15.51.40:399][  0]LogLoad: (Engine Initialization) Total time: 8.51 seconds
[2019.01.09-15.51.40:399][  0]LogLoad: (Engine Initialization) Total Blueprint compile time: 0.00 seconds
[2019.01.09-15.51.40:411][  0]LogWindowsTextInputMethodSystem: Display: IME system now deactivated.
[2019.01.09-15.51.40:437][  0]LogContentStreaming: Texture pool size now 1000 MB
[2019.01.09-15.51.40:463][  1]LogAssetRegistry: Asset discovery search completed in 4.7531 seconds
[2019.01.09-15.51.40:464][  1]LogCollectionManager: Rebuilt the object cache for 0 collections in 0.000000 seconds (found 0 objects)
[2019.01.09-15.51.40:464][  1]LogCollectionManager: Fixed up redirectors for 0 collections in 0.000039 seconds (updated 0 objects)
[2019.01.09-15.51.56:646][934]LogSlate: FSceneViewport::OnFocusLost() reason 0
[2019.01.09-15.51.56:814][945]LogActorFactory: Actor Factory created Cone
[2019.01.09-15.51.57:358][  4]LogActorFactory: Actor Factory created Cone
[2019.01.09-15.52.05:108][894]LogSlate: FSceneViewport::OnFocusLost() reason 0
[2019.01.09-15.52.06:036][996]LogActorFactory: Actor Factory created Cone
[2019.01.09-15.52.07:070][113]LogActorFactory: Actor Factory created Cone
[2019.01.09-15.52.23:921][ 98]LogEditorViewport: Clicking on Actor (LMB): StaticMeshActor (Cone2)
[2019.01.09-15.52.27:420][508]LogEditorViewport: Clicking on Actor (LMB): StaticMeshActor (Cone3)
[2019.01.09-15.52.31:797][ 18]LogEditorViewport: Clicking on Actor (LMB): BP_Sky_Sphere_C (Sky Sphere)
[2019.01.09-15.52.34:767][367]LogEditorViewport: Clicking on Actor (LMB): StaticMeshActor (Cone2)
[2019.01.09-15.52.39:442][906]LogEditorViewport: Clicking on Actor (LMB): BP_Sky_Sphere_C (Sky Sphere)
[2019.01.09-15.52.42:617][268]LogSlate: FSceneViewport::OnFocusLost() reason 2
[2019.01.09-15.52.43:819][410]LogSlate: Took 0.000178 seconds to synchronously load lazily loaded font '../../../Engine/Content/Slate/Fonts/Roboto-Light.ttf' (167K)
[2019.01.09-15.52.43:822][410]LogSlate: FSceneViewport::OnFocusLost() reason 2
[2019.01.09-15.52.57:579][410]LogSlate: Window 'Save Level As' being destroyed
[2019.01.09-15.52.57:714][410]LogSavePackage: Moving '../../../../../../Users/u1001862/Documents/GitHub/RJS_AssetPipeline/RJS_AssetPipeline/Saved/Project192F8962440DDA8DEF86421A05D493826.tmp' to '../../../../../../Users/u1001862/Documents/GitHub/RJS_AssetPipeline/RJS_AssetPipeline/Content/Project1.umap'
[2019.01.09-15.52.57:740][410]LogFileHelpers: Saving map 'Project1' took 0.155
